<?xml version="1.0" encoding="UTF-8"?>
<testsuite xmlns:xsi="http://www.w3.org/2001/XMLSchema-instance" xsi:noNamespaceSchemaLocation="https://maven.apache.org/surefire/maven-surefire-plugin/xsd/surefire-test-report-3.0.xsd" version="3.0" name="com.vibe.api.ApiApplicationTests" time="4.178" tests="1" errors="0" skipped="0" failures="0">
  <properties>
[...]
</properties>
  <testcase name="contextLoads" classname="com.vibe.api.ApiApplicationTests" time="1.379">
    <system-out><![CDATA[21:38:23.142 [main] INFO org.springframework.test.context.support.AnnotationConfigContextLoaderUtils -- Could not detect default configuration classes for test class [com.vibe.api.ApiApplicationTests]: ApiApplicationTests does not declare any static, non-private, non-final, nested classes annotated with @Configuration.
21:38:23.291 [main] INFO org.springframework.boot.test.context.SpringBootTestContextBootstrapper -- Found @SpringBootConfiguration com.vibe.api.ApiApplication for test class com.vibe.api.ApiApplicationTests
21:38:23.561 [main] INFO org.springframework.boot.devtools.restart.RestartApplicationListener -- Restart disabled due to context in which it is running

  .   ____          _            __ _ _
 /\\ / ___'_ __ _ _(_)_ __  __ _ \ \ \ \
( ( )\___ | '_ | '_| | '_ \/ _` | \ \ \ \
 \\/  ___)| |_)| | | | | || (_| |  ) ) ) )
  '  |____| .__|_| |_|_| |_\__, | / / / /
 =========|_|==============|___/=/_/_/_/
 :: Spring Boot ::                (v3.1.5)

2023-12-11T21:38:23.941-03:00  INFO 10188 --- [           main] com.vibe.api.ApiApplicationTests         : Starting ApiApplicationTests using Java 17.0.9 with PID 10188 (started by Paulo Sergio in G:\api_vibe_java)
2023-12-11T21:38:23.944-03:00  INFO 10188 --- [           main] com.vibe.api.ApiApplicationTests         : No active profile set, falling back to 1 default profile: "default"
2023-12-11T21:38:25.653-03:00  INFO 10188 --- [           main] com.vibe.api.ApiApplicationTests         : Started ApiApplicationTests in 2.115 seconds (process running for 3.682)
]]></system-out>
  </testcase>
</testsuite>